<?xml version="1.0" encoding="UTF-8"?>
<!-- Generated by org.testng.reporters.JUnitReportReporter -->
<testsuite skipped="0" hostname="Sowmya" name="runner.CucumberTestRunner" tests="1" failures="0" timestamp="2022-08-06T16:28:42 IST" time="17.643" errors="0">
  <testcase name="runScenario" time="17.643" classname="runner.CucumberTestRunner"/>
  <system-out/>
</testsuite> <!-- runner.CucumberTestRunner -->
